#    #    Name      MW[kg/kmol]     d[nm]       dsph[nm]    dcol[nm]    m[ng]           V[nm3]          np[-]       C         H         O         H/C       O/C       O/H       Teta(corr.fact.)  
1    1    BIN1C     246.27          0.80449     0.80449     0.00000     4.08938e-13     2.72625e-01     0.00        20        6         0         0.3000    0.0000    0.0000    1.0000e+00        
2    2    BIN1B     250.30          0.80886     0.80886     0.00000     4.15633e-13     2.77089e-01     0.00        20        10        0         0.5000    0.0000    0.0000    9.8900e-01        
3    3    BIN1A     256.35          0.81532     0.81532     0.00000     4.25676e-13     2.83784e-01     0.00        20        16        0         0.8000    0.0000    0.0000    9.7305e-01        
4    4    BIN2C     492.54          1.01360     1.01360     0.00000     8.17875e-13     5.45250e-01     0.00        40        12        0         0.3000    0.0000    0.0000    6.2373e-01        
5    5    BIN2B     500.60          1.01910     1.01910     0.00000     8.31266e-13     5.54177e-01     0.00        40        20        0         0.5000    0.0000    0.0000    6.1687e-01        
6    6    BIN2A     512.70          1.02724     1.02724     0.00000     8.51352e-13     5.67568e-01     0.00        40        32        0         0.8000    0.0000    0.0000    6.0692e-01        
43   7    BIN1BJ    249.29          0.80777     0.80777     0.00000     4.13959e-13     2.75973e-01     0.00        20        9         0         0.4500    0.0000    0.0000    9.9172e-01        
44   8    BIN1AJ    255.34          0.81425     0.81425     0.00000     4.24002e-13     2.82668e-01     0.00        20        15        0         0.7500    0.0000    0.0000    9.7567e-01        
45   9    BIN2BJ    499.59          1.01842     1.01842     0.00000     8.29592e-13     5.53061e-01     0.00        40        19        0         0.4750    0.0000    0.0000    6.1772e-01        
46   10   BIN2AJ    511.69          1.02657     1.02657     0.00000     8.49678e-13     5.66452e-01     0.00        40        31        0         0.7750    0.0000    0.0000    6.0774e-01        

7    1    BIN5C     3908.03         2.02165     2.02165     0.00000     6.48944e-12     4.32629e+00     0.00        320       64        0         0.2000    0.0000    0.0000    1.5220e-01        
8    2    BIN5B     3956.42         2.02996     2.02996     0.00000     6.56978e-12     4.37985e+00     0.00        320       112       0         0.3500    0.0000    0.0000    1.5093e-01        
9    3    BIN6C     7783.81         2.54361     2.54361     0.00000     1.29253e-11     8.61688e+00     0.00        640       96        0         0.1500    0.0000    0.0000    9.5202e-02        
10   4    BIN6B     7912.83         2.55759     2.55759     0.00000     1.31396e-11     8.75971e+00     0.00        640       224       0         0.3500    0.0000    0.0000    9.4142e-02        
11   5    BIN7C     15139.75        3.17511     3.17511     0.00000     2.51401e-11     1.67601e+01     0.00        1250      125       0         0.1000    0.0000    0.0000    6.0518e-02        
12   6    BIN7B     15391.75        3.19263     3.19263     0.00000     2.55586e-11     1.70391e+01     0.00        1250      375       0         0.3000    0.0000    0.0000    5.9842e-02        
13   7    BIN7A     15707.25        3.21430     3.21430     0.00000     2.60825e-11     1.73883e+01     0.00        1250      688       0         0.5504    0.0000    0.0000    5.9021e-02        
14   8    BIN8C     30279.50        4.00039     4.00039     0.00000     5.02803e-11     3.35202e+01     0.00        2500      250       0         0.1000    0.0000    0.0000    3.7747e-02        
15   9    BIN8B     30657.50        4.01697     4.01697     0.00000     5.09080e-11     3.39386e+01     0.00        2500      625       0         0.2500    0.0000    0.0000    3.7430e-02        
16   10   BIN8A     31287.50        4.04430     4.04430     0.00000     5.19541e-11     3.46361e+01     0.00        2500      1250      0         0.5000    0.0000    0.0000    3.6915e-02        
17   11   BIN9C     60559.00        5.04018     5.04018     0.00000     1.00561e-10     6.70404e+01     0.00        5000      500       0         0.1000    0.0000    0.0000    2.3544e-02        
18   12   BIN9B     61063.00        5.05412     5.05412     0.00000     1.01397e-10     6.75983e+01     0.00        5000      1000      0         0.2000    0.0000    0.0000    2.3412e-02        
19   13   BIN9A     62323.00        5.08865     5.08865     0.00000     1.03490e-10     6.89932e+01     0.00        5000      2250      0         0.4500    0.0000    0.0000    2.3088e-02        
20   14   BIN10C    121118.00       6.35023     6.35023     0.00000     2.01121e-10     1.34081e+02     0.00        10000     1000      0         0.1000    0.0000    0.0000    1.4685e-02        
21   15   BIN10B    121622.00       6.35902     6.35902     0.00000     2.01958e-10     1.34639e+02     0.00        10000     1500      0         0.1500    0.0000    0.0000    1.4644e-02        
22   16   BIN10A    124142.00       6.40264     6.40264     0.00000     2.06143e-10     1.37428e+02     0.00        10000     4000      0         0.4000    0.0000    0.0000    1.4441e-02        
23   17   BIN11B    242235.99       7.97595     7.97595     0.00000     4.02242e-10     2.65672e+02     0.00        20000     2000      0         0.1000    0.0000    0.0000    9.1597e-03        
24   18   BIN11A    247275.99       8.03089     8.03089     0.00000     4.10611e-10     2.71200e+02     0.00        20000     7000      0         0.3500    0.0000    0.0000    9.0322e-03        
25   19   BIN12B    484471.99       10.00521    10.00521    0.00000     8.04485e-10     5.24417e+02     0.00        40000     4000      0         0.1000    0.0000    0.0000    8.9122e-03        
26   20   BIN12A    494551.99       10.07412    10.07412    0.00000     8.21223e-10     5.35328e+02     0.00        40000     14000     0         0.3500    0.0000    0.0000    8.9122e-03        
27   21   BIN13B    968943.97       13.06573    12.55146    13.06573    1.60897e-09     1.03534e+03     2.00        80000     8000      0         0.1000    0.0000    0.0000    8.9122e-03        
28   22   BIN13A    985071.97       13.18611    12.62072    13.18611    1.63575e-09     1.05257e+03     2.03        80000     24000     0         0.3000    0.0000    0.0000    8.9122e-03        
29   23   BIN14B    1937887.95      19.20316    15.74659    19.20316    3.21794e-09     2.04436e+03     4.00        160000    16000     0         0.1000    0.0000    0.0000    8.9122e-03        
30   24   BIN14A    1970143.95      19.38008    15.83347    19.38008    3.27150e-09     2.07839e+03     4.07        160000    48000     0         0.3000    0.0000    0.0000    8.9122e-03        
31   25   BIN15B    3875775.90      28.22354    19.75613    28.22354    6.43588e-09     4.03742e+03     8.00        320000    32000     0         0.1000    0.0000    0.0000    8.9122e-03        
32   26   BIN15A    3924159.90      28.41874    19.83800    28.41874    6.51622e-09     4.08783e+03     8.10        320000    80000     0         0.2500    0.0000    0.0000    8.9122e-03        
33   27   BIN16B    7719295.80      41.38513    24.75350    41.38513    1.28182e-08     7.94161e+03     15.93       640000    32000     0         0.0500    0.0000    0.0000    8.9122e-03        
34   28   BIN16A    7816063.80      41.67255    24.85650    41.67255    1.29789e-08     8.04116e+03     16.13       640000    128000    0         0.2000    0.0000    0.0000    8.9122e-03        
35   29   BIN17B    15076749.60     60.02899    30.81942    60.02899    2.50355e-08     1.53275e+04     31.12       1250000   62500     0         0.0500    0.0000    0.0000    8.9122e-03        
36   30   BIN17A    15265749.60     60.44589    30.94767    60.44589    2.53494e-08     1.55197e+04     31.51       1250000   250000    0         0.2000    0.0000    0.0000    8.9122e-03        
37   31   BIN18B    30153499.20     88.22667    38.67283    88.22667    5.00711e-08     3.02842e+04     62.24       2500000   125000    0         0.0500    0.0000    0.0000    8.9122e-03        
38   32   BIN18A    30531499.21     88.83941    38.83376    88.83941    5.06987e-08     3.06639e+04     63.02       2500000   500000    0         0.2000    0.0000    0.0000    8.9122e-03        
39   33   BIN19B    60306998.40     129.66978   48.52982    129.66978   1.00142e-07     5.98445e+04     124.48      5000000   250000    0         0.0500    0.0000    0.0000    8.9122e-03        
40   34   BIN19A    61062998.41     130.57035   48.73176    130.57035   1.01397e-07     6.05947e+04     126.04      5000000   1000000   0         0.2000    0.0000    0.0000    8.9122e-03        
41   35   BIN20B    120613996.80    190.58015   60.90207    190.58015   2.00284e-07     1.18275e+05     248.96      10000000  500000    0         0.0500    0.0000    0.0000    8.9122e-03        
42   36   BIN20A    122125996.83    191.90375   61.15550    191.90375   2.02795e-07     1.19758e+05     252.08      10000000  2000000   0         0.2000    0.0000    0.0000    8.9122e-03        
47   37   BIN5CJ    3907.02         2.02148     2.02148     0.00000     6.48776e-12     4.32518e+00     0.00        320       63        0         0.1969    0.0000    0.0000    1.5223e-01        
48   38   BIN6CJ    7782.80         2.54350     2.54350     0.00000     1.29236e-11     8.61576e+00     0.00        640       95        0         0.1484    0.0000    0.0000    9.5211e-02        
49   39   BIN7CJ    15138.74        3.17504     3.17504     0.00000     2.51385e-11     1.67590e+01     0.00        1250      124       0         0.0992    0.0000    0.0000    6.0521e-02        
50   40   BIN12BJ   484470.98       10.00520    10.00520    0.00000     8.04483e-10     5.24416e+02     0.00        40000     3999      0         0.1000    0.0000    0.0000    8.9122e-03        
51   41   BIN13BJ   968942.97       13.06572    12.55146    13.06572    1.60897e-09     1.03533e+03     2.00        80000     7999      0         0.1000    0.0000    0.0000    8.9122e-03        
52   42   BIN14BJ   1937886.94      19.20315    15.74658    19.20315    3.21794e-09     2.04436e+03     4.00        160000    15999     0         0.1000    0.0000    0.0000    8.9122e-03        
53   43   BIN15BJ   3875774.89      28.22354    19.75613    28.22354    6.43587e-09     4.03742e+03     8.00        320000    31999     0         0.1000    0.0000    0.0000    8.9122e-03        
54   44   BIN16BJ   7719294.79      41.38513    24.75350    41.38513    1.28182e-08     7.94161e+03     15.93       640000    31999     0         0.0500    0.0000    0.0000    8.9122e-03        
55   45   BIN17BJ   15076748.59     60.02898    30.81942    60.02898    2.50355e-08     1.53275e+04     31.12       1250000   62499     0         0.0500    0.0000    0.0000    8.9122e-03        
56   46   BIN17AJ   15265748.60     60.44589    30.94767    60.44589    2.53494e-08     1.55197e+04     31.51       1250000   249999    0         0.2000    0.0000    0.0000    8.9122e-03        
57   47   BIN18BJ   30153498.19     88.22667    38.67283    88.22667    5.00711e-08     3.02842e+04     62.24       2500000   124999    0         0.0500    0.0000    0.0000    8.9122e-03        
58   48   BIN18AJ   30531498.20     88.83941    38.83376    88.83941    5.06987e-08     3.06639e+04     63.02       2500000   499999    0         0.2000    0.0000    0.0000    8.9122e-03        
59   49   BIN19BJ   60306997.39     129.66978   48.52982    129.66978   1.00142e-07     5.98445e+04     124.48      5000000   249999    0         0.0500    0.0000    0.0000    8.9122e-03        
