#    #    Name      Section   Radical   Hyd.Lev.  MW[kg/kmol]     d[nm]       dsph[nm]    dcol[nm]    m[ng]           V[nm3]          np[-]       C         H         O         H/C       O/C       O/H       Teta(corr.fact.)  
1    1    BIN1A     1         0         A         256.35          0.90413     0.90413     0.00000     4.25676e-13     3.86978e-01     0.00        20        16        0         0.8000    0.0000    0.0000    -                 
2    2    BIN1B     1         0         B         250.30          0.89696     0.89696     0.00000     4.15633e-13     3.77848e-01     0.00        20        10        0         0.5000    0.0000    0.0000    -                 
3    3    BIN1C     1         0         C         245.26          0.89090     0.89090     0.00000     4.07264e-13     3.70240e-01     0.00        20        5         0         0.2500    0.0000    0.0000    -                 
4    4    BIN2A     2         0         A         511.69          1.13838     1.13838     0.00000     8.49678e-13     7.72434e-01     0.00        40        31        0         0.7750    0.0000    0.0000    -                 
5    5    BIN2B     2         0         B         496.57          1.12706     1.12706     0.00000     8.24570e-13     7.49609e-01     0.00        40        16        0         0.4000    0.0000    0.0000    -                 
6    6    BIN2C     2         0         C         488.50          1.12092     1.12092     0.00000     8.11180e-13     7.37436e-01     0.00        40        8         0         0.2000    0.0000    0.0000    -                 
7    7    BIN3A     3         0         A         1021.36         1.43333     1.43333     0.00000     1.69601e-12     1.54183e+00     0.00        80        60        0         0.7500    0.0000    0.0000    -                 
8    8    BIN3B     3         0         B         985.07          1.41615     1.41615     0.00000     1.63575e-12     1.48705e+00     0.00        80        24        0         0.3000    0.0000    0.0000    -                 
9    9    BIN3C     3         0         C         968.94          1.40838     1.40838     0.00000     1.60897e-12     1.46270e+00     0.00        80        8         0         0.1000    0.0000    0.0000    -                 
10   10   BIN1AJ    1         1         A         255.34          0.90294     0.90294     0.00000     4.24002e-13     3.85456e-01     0.00        20        15        0         0.7500    0.0000    0.0000    -                 
11   11   BIN1BJ    1         1         B         249.29          0.89575     0.89575     0.00000     4.13959e-13     3.76326e-01     0.00        20        9         0         0.4500    0.0000    0.0000    -                 
12   12   BIN1CJ    1         1         C         244.25          0.88968     0.88968     0.00000     4.05590e-13     3.68718e-01     0.00        20        4         0         0.2000    0.0000    0.0000    -                 
13   13   BIN2AJ    2         1         A         510.68          1.13763     1.13763     0.00000     8.48004e-13     7.70913e-01     0.00        40        30        0         0.7500    0.0000    0.0000    -                 
14   14   BIN2BJ    2         1         B         495.56          1.12629     1.12629     0.00000     8.22897e-13     7.48088e-01     0.00        40        15        0         0.3750    0.0000    0.0000    -                 
15   15   BIN2CJ    2         1         C         487.50          1.12015     1.12015     0.00000     8.09506e-13     7.35915e-01     0.00        40        7         0         0.1750    0.0000    0.0000    -                 
16   16   BIN3AJ    3         1         A         1020.35         1.43286     1.43286     0.00000     1.69433e-12     1.54030e+00     0.00        80        59        0         0.7375    0.0000    0.0000    -                 
17   17   BIN3BJ    3         1         B         984.06          1.41566     1.41566     0.00000     1.63408e-12     1.48552e+00     0.00        80        23        0         0.2875    0.0000    0.0000    -                 
18   18   BIN3CJ    3         1         C         967.94          1.40789     1.40789     0.00000     1.60730e-12     1.46118e+00     0.00        80        7         0         0.0875    0.0000    0.0000    -                 
19   19   BIN4AJ    4         1         A         2037.68         1.80439     1.80439     0.00000     3.38365e-12     3.07604e+00     0.00        160       115       0         0.7188    0.0000    0.0000    -                 
20   20   BIN4BJ    4         1         B         1953.01         1.77905     1.77905     0.00000     3.24305e-12     2.94822e+00     0.00        160       31        0         0.1938    0.0000    0.0000    -                 
21   21   BIN4CJ    4         1         C         1930.83         1.77229     1.77229     0.00000     3.20622e-12     2.91475e+00     0.00        160       9         0         0.0563    0.0000    0.0000    -                 

22   1    BIN5AJ    5         1         A         4068.30         2.27208     2.27208     0.00000     6.75558e-12     6.14143e+00     0.00        320       223       0         0.6969    0.0000    0.0000    6.4243e-01        
23   2    BIN5BJ    5         1         B         3907.02         2.24165     2.24165     0.00000     6.48776e-12     5.89797e+00     0.00        320       63        0         0.1969    0.0000    0.0000    6.5927e-01        
24   3    BIN5CJ    5         1         C         3860.66         2.23275     2.23275     0.00000     6.41077e-12     5.82797e+00     0.00        320       17        0         0.0531    0.0000    0.0000    6.6433e-01        
25   4    BIN6AJ    6         1         A         8121.49         2.82908     2.82908     0.00000     1.34860e-11     1.18559e+01     0.00        640       431       0         0.6734    0.0000    0.0000    4.1274e-01        
26   5    BIN6BJ    6         1         B         7815.06         2.79304     2.79304     0.00000     1.29772e-11     1.14085e+01     0.00        640       127       0         0.1984    0.0000    0.0000    4.2303e-01        
27   6    BIN6CJ    6         1         C         7720.30         2.78171     2.78171     0.00000     1.28199e-11     1.12702e+01     0.00        640       33        0         0.0516    0.0000    0.0000    4.2634e-01        
28   7    BIN7AJ    7         1         A         15832.25        3.49611     3.49611     0.00000     2.62901e-11     2.23745e+01     0.00        1250      812       0         0.6496    0.0000    0.0000    2.6924e-01        
29   8    BIN7BJ    7         1         B         15264.74        3.45383     3.45383     0.00000     2.53477e-11     2.15725e+01     0.00        1250      249       0         0.1992    0.0000    0.0000    2.7560e-01        
30   9    BIN7CJ    7         1         C         15078.26        3.43971     3.43971     0.00000     2.50380e-11     2.13090e+01     0.00        1250      64        0         0.0512    0.0000    0.0000    2.7778e-01        
31   10   BIN8AJ    8         1         A         31602.00        4.35607     4.35607     0.00000     5.24763e-11     4.32795e+01     0.00        2500      1562      0         0.6248    0.0000    0.0000    1.7299e-01        
32   11   BIN8BJ    8         1         B         30530.49        4.30627     4.30627     0.00000     5.06971e-11     4.18120e+01     0.00        2500      499       0         0.1996    0.0000    0.0000    1.7686e-01        
33   12   BIN8CJ    8         1         C         30153.50        4.28847     4.28847     0.00000     5.00711e-11     4.12957e+01     0.00        2500      125       0         0.0500    0.0000    0.0000    1.7827e-01        
34   13   BIN9AJ    9         1         A         63077.99        5.42924     5.42924     0.00000     1.04743e-10     8.37948e+01     0.00        5000      2999      0         0.5998    0.0000    0.0000    1.1115e-01        
35   14   BIN9BJ    9         1         B         61061.99        5.37078     5.37078     0.00000     1.01396e-10     8.11166e+01     0.00        5000      999       0         0.1998    0.0000    0.0000    1.1349e-01        
36   15   BIN9CJ    9         1         C         60307.00        5.34855     5.34855     0.00000     1.00142e-10     8.01137e+01     0.00        5000      250       0         0.0500    0.0000    0.0000    1.1440e-01        
37   16   BIN10AJ   10        1         A         125904.99       6.76886     6.76886     0.00000     2.09070e-10     1.62385e+02     0.00        10000     5749      0         0.5749    0.0000    0.0000    7.1420e-02        
38   17   BIN10BJ   10        1         B         122124.99       6.70043     6.70043     0.00000     2.02793e-10     1.57509e+02     0.00        10000     1999      0         0.1999    0.0000    0.0000    7.2827e-02        
39   18   BIN10CJ   10        1         C         120614.00       6.67268     6.67268     0.00000     2.00284e-10     1.55561e+02     0.00        10000     500       0         0.0500    0.0000    0.0000    7.3410e-02        
40   19   BIN11AJ   11        1         A         251306.99       8.44137     8.44137     0.00000     4.17305e-10     3.14947e+02     0.00        20000     10999     0         0.5500    0.0000    0.0000    7.1420e-02        
41   20   BIN11BJ   11        1         B         244250.99       8.36162     8.36162     0.00000     4.05588e-10     3.06104e+02     0.00        20000     3999      0         0.1999    0.0000    0.0000    7.1420e-02        
42   21   BIN11CJ   11        1         C         241227.99       8.32698     8.32698     0.00000     4.00568e-10     3.02316e+02     0.00        20000     1000      0         0.0500    0.0000    0.0000    7.1420e-02        
43   22   BIN12AJ   12        1         A         501606.98       10.52994    10.52994    0.00000     8.32938e-10     6.11331e+02     0.00        40000     20999     0         0.5250    0.0000    0.0000    7.1420e-02        
44   23   BIN12BJ   12        1         B         488502.98       10.43743    10.43743    0.00000     8.11178e-10     5.95360e+02     0.00        40000     7999      0         0.2000    0.0000    0.0000    7.1420e-02        
45   24   BIN12CJ   12        1         C         482455.99       10.39419    10.39419    0.00000     8.01137e-10     5.87990e+02     0.00        40000     2000      0         0.0500    0.0000    0.0000    7.1420e-02        
46   25   BIN13AJ   13        1         A         1001198.97      13.73563    13.13855    13.73563    1.66253e-09     1.18752e+03     2.00        80000     39999     0         0.5000    0.0000    0.0000    7.1420e-02        
47   26   BIN13BJ   13        1         B         977006.97       13.55024    13.03187    13.55024    1.62236e-09     1.15883e+03     1.95        80000     15999     0         0.2000    0.0000    0.0000    7.1420e-02        
48   27   BIN13CJ   13        1         C         964911.97       13.45679    12.97787    13.45679    1.60227e-09     1.14448e+03     1.92        80000     4000      0         0.0500    0.0000    0.0000    7.1420e-02        
49   28   BIN14AJ   14        1         A         1998366.94      20.16513    16.39731    20.16513    3.31837e-09     2.30843e+03     3.98        160000    75999     0         0.4750    0.0000    0.0000    7.1420e-02        
50   29   BIN14BJ   14        1         B         1954014.94      19.91526    16.27509    19.91526    3.24472e-09     2.25719e+03     3.90        160000    31999     0         0.2000    0.0000    0.0000    7.1420e-02        
51   30   BIN14CJ   14        1         C         1929823.95      19.77790    16.20765    19.77790    3.20455e-09     2.22925e+03     3.85        160000    8000      0         0.0500    0.0000    0.0000    7.1420e-02        
52   31   BIN15AJ   15        1         A         3988670.89      29.60416    20.46895    29.60416    6.62334e-09     4.49040e+03     7.95        320000    143999    0         0.4500    0.0000    0.0000    7.1420e-02        
53   32   BIN15BJ   15        1         B         3908030.89      29.27015    20.33007    29.27015    6.48944e-09     4.39962e+03     7.79        320000    63999     0         0.2000    0.0000    0.0000    7.1420e-02        
54   33   BIN15CJ   15        1         C         3859647.90      29.06827    20.24582    29.06827    6.40910e-09     4.34515e+03     7.69        320000    16000     0         0.0500    0.0000    0.0000    7.1420e-02        
55   34   BIN16AJ   16        1         A         7961214.79      43.46137    25.55709    43.46137    1.32199e-08     8.74043e+03     15.87       640000    271999    0         0.4250    0.0000    0.0000    7.1420e-02        
56   35   BIN16BJ   16        1         B         7816062.79      43.01935    25.40082    43.01935    1.29789e-08     8.58107e+03     15.58       640000    127999    0         0.2000    0.0000    0.0000    7.1420e-02        
57   36   BIN16CJ   16        1         C         7719295.80      42.72264    25.29556    42.72264    1.28182e-08     8.47484e+03     15.39       640000    32000     0         0.0500    0.0000    0.0000    7.1420e-02        
58   37   BIN17AJ   17        1         A         15890174.59     63.80475    31.91654    63.80475    2.63863e-08     1.70234e+04     31.68       1280000   511999    0         0.4000    0.0000    0.0000    7.1420e-02        
59   38   BIN17BJ   17        1         B         15632126.59     63.22702    31.74283    63.22702    2.59578e-08     1.67469e+04     31.16       1280000   255999    0         0.2000    0.0000    0.0000    7.1420e-02        
60   39   BIN17CJ   17        1         C         15438591.59     62.79093    31.61128    62.79093    2.56364e-08     1.65396e+04     30.78       1280000   64000     0         0.0500    0.0000    0.0000    7.1420e-02        
61   40   BIN18AJ   18        1         A         31715838.19     93.67025    39.86615    93.67025    5.26654e-08     3.31750e+04     63.23       2560000   959999    0         0.3750    0.0000    0.0000    7.1420e-02        
62   41   BIN18BJ   18        1         B         31264254.18     92.92693    39.67603    92.92693    5.19155e-08     3.27027e+04     62.33       2560000   511999    0         0.2000    0.0000    0.0000    7.1420e-02        
63   42   BIN18CJ   18        1         C         30877183.18     92.28600    39.51161    92.28600    5.12728e-08     3.22978e+04     61.56       2560000   128000    0         0.0500    0.0000    0.0000    7.1420e-02        
64   43   BIN19AJ   19        1         A         63302653.38     137.51475   49.80500    137.51475   1.05117e-07     6.46871e+04     126.20      5120000   1791999   0         0.3500    0.0000    0.0000    7.1420e-02        
65   44   BIN19BJ   19        1         B         62528509.37     136.57792   49.60115    136.57792   1.03831e-07     6.38960e+04     124.66      5120000   1023999   0         0.2000    0.0000    0.0000    7.1420e-02        
66   45   BIN19CJ   19        1         C         61754366.36     135.63592   49.39560    135.63592   1.02546e-07     6.31049e+04     123.11      5120000   256000    0         0.0500    0.0000    0.0000    7.1420e-02        
67   46   BIN20AJ   20        1         A         126347259.76    201.88121   62.23264    201.88121   2.09805e-07     1.26198e+05     251.88      10240000  3327999   0         0.3250    0.0000    0.0000    7.1420e-02        
68   47   BIN20BJ   20        1         B         125057019.74    200.73328   62.02007    200.73328   2.07662e-07     1.24909e+05     249.31      10240000  2047999   0         0.2000    0.0000    0.0000    7.1420e-02        
69   48   BIN20CJ   20        1         C         123508732.73    199.34878   61.76306    199.34878   2.05091e-07     1.23363e+05     246.23      10240000  512000    0         0.0500    0.0000    0.0000    7.1420e-02        
70   49   BIN21AJ   21        1         A         252178424.53    296.37496   77.77436    296.37496   4.18752e-07     2.46325e+05     502.74      20480000  6143999   0         0.3000    0.0000    0.0000    7.1420e-02        
71   50   BIN21BJ   21        1         B         250114040.50    295.02462   77.56156    295.02462   4.15324e-07     2.44308e+05     498.63      20480000  4095999   0         0.2000    0.0000    0.0000    7.1420e-02        
72   51   BIN21CJ   21        1         C         247017465.45    292.98978   77.24014    292.98978   4.10182e-07     2.41284e+05     492.45      20480000  1024000   0         0.0500    0.0000    0.0000    7.1420e-02        
73   52   BIN22AJ   22        1         A         504356850.07    435.59251   97.27946    435.59251   8.37504e-07     4.82017e+05     1005.48     40960000  12287999  0         0.3000    0.0000    0.0000    7.1420e-02        
74   53   BIN22BJ   22        1         B         500228082.00    433.60786   97.01329    433.60786   8.30648e-07     4.78071e+05     997.25      40960000  8191999   0         0.2000    0.0000    0.0000    7.1420e-02        
75   54   BIN22CJ   22        1         C         494034930.91    430.61719   96.61126    430.61719   8.20364e-07     4.72152e+05     984.90      40960000  2048000   0         0.0500    0.0000    0.0000    7.1420e-02        
76   55   BIN23AJ   23        1         A         1008713701.14   640.20533   121.69516   640.20533   1.67501e-06     9.43667e+05     2010.96     81920000  24575999  0         0.3000    0.0000    0.0000    7.1420e-02        
77   56   BIN23BJ   23        1         B         1000456165.01   637.28843   121.36218   637.28843   1.66130e-06     9.35942e+05     1994.50     81920000  16383999  0         0.2000    0.0000    0.0000    7.1420e-02        
78   57   BIN23CJ   23        1         C         988069861.82    632.89294   120.85925   632.89294   1.64073e-06     9.24354e+05     1969.81     81920000  4096000   0         0.0500    0.0000    0.0000    7.1420e-02        
79   58   BIN24AJ   24        1         A         2017427403.29   940.93186   152.26150   940.93186   3.35002e-06     1.84828e+06     4021.93     163840000 49151999  0         0.3000    0.0000    0.0000    7.1420e-02        
80   59   BIN24BJ   24        1         B         2000912331.02   936.64479   151.84488   936.64479   3.32259e-06     1.83315e+06     3989.00     163840000 32767999  0         0.2000    0.0000    0.0000    7.1420e-02        
81   60   BIN24CJ   24        1         C         1976139723.63   930.18458   151.21563   930.18458   3.28146e-06     1.81046e+06     3939.62     163840000 8192000   0         0.0500    0.0000    0.0000    7.1420e-02        
82   61   BIN25AJ   25        1         A         4034854807.59   1382.92001  190.53241   1382.92001  6.70003e-06     3.62164e+06     8043.86     327680000 98303999  0         0.3000    0.0000    0.0000    7.1420e-02        
83   62   BIN25BJ   25        1         B         4001824663.05   1376.61915  190.01107   1376.61915  6.64519e-06     3.59199e+06     7978.01     327680000 65535999  0         0.2000    0.0000    0.0000    7.1420e-02        
84   63   BIN25CJ   25        1         C         3952279447.27   1367.12436  189.22366   1367.12436  6.56291e-06     3.54752e+06     7879.24     327680000 16384000  0         0.0500    0.0000    0.0000    7.1420e-02        
